<?xml version="1.0" encoding="UTF-8"?>
<!-- Generated by org.testng.reporters.JUnitXMLReporter -->
<testsuite ignored="0" hostname="LAPTOP-T7PI7EN2" failures="0" tests="4" name="login" time="101.366" errors="0" timestamp="2024-02-23T18:33:49 IST">
  <testcase classname="testcases.AmazonLogin" name="login" time="15.284"/>
  <testcase classname="testcases.AmazonLogin" name="login" time="24.877"/>
  <testcase classname="testcases.AmazonLogin" name="login" time="46.973"/>
  <testcase classname="testcases.AmazonShop" name="shop" time="9.639"/>
</testsuite> <!-- login -->
