<?xml version="1.0" encoding="UTF-8"?>
<testng-results ignored="0" total="5" passed="5" failed="0" skipped="0">
  <reporter-output>
  </reporter-output>
  <suite started-at="2024-02-23T18:32:07 IST" name="Suite" finished-at="2024-02-23T18:34:06 IST" duration-ms="119204">
    <groups>
    </groups>
    <test started-at="2024-02-23T18:32:07 IST" name="Test" finished-at="2024-02-23T18:32:07 IST" duration-ms="9">
    </test> <!-- Test -->
    <test started-at="2024-02-23T18:32:07 IST" name="login" finished-at="2024-02-23T18:33:49 IST" duration-ms="101366">
      <class name="testcases.AmazonShop">
        <test-method signature="shop()[pri:0, instance:testcases.AmazonShop@60bd273d]" started-at="2024-02-23T18:33:38 IST" name="shop" finished-at="2024-02-23T18:33:48 IST" duration-ms="9639" status="PASS">
          <reporter-output>
          </reporter-output>
        </test-method> <!-- shop -->
      </class> <!-- testcases.AmazonShop -->
      <class name="testcases.AmazonLogin">
        <test-method is-config="true" signature="openBrowser(java.lang.String,java.lang.String,java.lang.String,java.lang.String)[pri:0, instance:testcases.AmazonLogin@2d52216b]" started-at="2024-02-23T18:32:07 IST" name="openBrowser" finished-at="2024-02-23T18:32:11 IST" duration-ms="3388" status="PASS">
          <params>
            <param index="0">
              <value>
                <![CDATA[chrome]]>
              </value>
            </param>
            <param index="1">
              <value>
                <![CDATA[https://www.amazon.in/]]>
              </value>
            </param>
            <param index="2">
              <value>
                <![CDATA[AmazonShop]]>
              </value>
            </param>
            <param index="3">
              <value>
                <![CDATA[true]]>
              </value>
            </param>
          </params>
          <reporter-output>
          </reporter-output>
        </test-method> <!-- openBrowser -->
        <test-method signature="login(java.lang.String,java.lang.String)[pri:0, instance:testcases.AmazonLogin@2d52216b]" started-at="2024-02-23T18:32:11 IST" name="login" data-provider="logindata" finished-at="2024-02-23T18:32:27 IST" duration-ms="15284" status="PASS">
          <params>
            <param index="0">
              <value>
                <![CDATA[aaa]]>
              </value>
            </param>
            <param index="1">
              <value>
                <![CDATA[RMinfotech]]>
              </value>
            </param>
          </params>
          <reporter-output>
          </reporter-output>
        </test-method> <!-- login -->
        <test-method signature="login(java.lang.String,java.lang.String)[pri:0, instance:testcases.AmazonLogin@2d52216b]" started-at="2024-02-23T18:32:27 IST" name="login" data-provider="logindata" finished-at="2024-02-23T18:32:51 IST" duration-ms="24877" status="PASS">
          <params>
            <param index="0">
              <value>
                <![CDATA[paragguide@yahoo.co.in]]>
              </value>
            </param>
            <param index="1">
              <value>
                <![CDATA[cccc]]>
              </value>
            </param>
          </params>
          <reporter-output>
          </reporter-output>
        </test-method> <!-- login -->
        <test-method signature="login(java.lang.String,java.lang.String)[pri:0, instance:testcases.AmazonLogin@2d52216b]" started-at="2024-02-23T18:32:51 IST" name="login" data-provider="logindata" finished-at="2024-02-23T18:33:38 IST" duration-ms="46973" status="PASS">
          <params>
            <param index="0">
              <value>
                <![CDATA[paragguide@yahoo.co.in]]>
              </value>
            </param>
            <param index="1">
              <value>
                <![CDATA[RMinfotech]]>
              </value>
            </param>
          </params>
          <reporter-output>
          </reporter-output>
        </test-method> <!-- login -->
        <test-method is-config="true" signature="closeBrowser()[pri:0, instance:testcases.AmazonLogin@2d52216b]" started-at="2024-02-23T18:33:48 IST" name="closeBrowser" finished-at="2024-02-23T18:33:49 IST" duration-ms="559" status="PASS">
          <reporter-output>
          </reporter-output>
        </test-method> <!-- closeBrowser -->
      </class> <!-- testcases.AmazonLogin -->
    </test> <!-- login -->
    <test started-at="2024-02-23T18:33:49 IST" name="forget" finished-at="2024-02-23T18:34:06 IST" duration-ms="17726">
      <class name="testcases.AmazonForgetPwd">
        <test-method is-config="true" signature="openBrowser(java.lang.String,java.lang.String,java.lang.String,java.lang.String)[pri:0, instance:testcases.AmazonForgetPwd@2794eab6]" started-at="2024-02-23T18:33:49 IST" name="openBrowser" finished-at="2024-02-23T18:33:51 IST" duration-ms="2130" status="PASS">
          <params>
            <param index="0">
              <value>
                <![CDATA[chrome]]>
              </value>
            </param>
            <param index="1">
              <value>
                <![CDATA[https://www.amazon.in/]]>
              </value>
            </param>
            <param index="2">
              <value>
                <![CDATA[AmazonForget]]>
              </value>
            </param>
            <param index="3">
              <value>
                <![CDATA[true]]>
              </value>
            </param>
          </params>
          <reporter-output>
          </reporter-output>
        </test-method> <!-- openBrowser -->
        <test-method signature="forget()[pri:0, instance:testcases.AmazonForgetPwd@2794eab6]" started-at="2024-02-23T18:33:51 IST" name="forget" finished-at="2024-02-23T18:34:06 IST" duration-ms="15298" status="PASS">
          <reporter-output>
          </reporter-output>
        </test-method> <!-- forget -->
        <test-method is-config="true" signature="closeBrowser()[pri:0, instance:testcases.AmazonForgetPwd@2794eab6]" started-at="2024-02-23T18:34:06 IST" name="closeBrowser" finished-at="2024-02-23T18:34:06 IST" duration-ms="292" status="PASS">
          <reporter-output>
          </reporter-output>
        </test-method> <!-- closeBrowser -->
      </class> <!-- testcases.AmazonForgetPwd -->
    </test> <!-- forget -->
  </suite> <!-- Suite -->
</testng-results>
